<?xml version="1.0" encoding="utf-8"?><testsuites name="pytest tests"><testsuite name="pytest" errors="0" failures="0" skipped="0" tests="17" time="1.152" timestamp="2026-07-04T11:02:26.712968+00:00" hostname="agent-env-78a1d502-878e-4d56-96ca-91afa1482e37"><testcase classname="backend.tests.test_safewalk_api.TestHealth" name="test_root" time="0.154" /><testcase classname="backend.tests.test_safewalk_api.TestAuth" name="test_send_otp" time="0.043" /><testcase classname="backend.tests.test_safewalk_api.TestAuth" name="test_verify_otp_success" time="0.045" /><testcase classname="backend.tests.test_safewalk_api.TestAuth" name="test_verify_otp_wrong" time="0.041" /><testcase classname="backend.tests.test_safewalk_api.TestAuth" name="test_verify_otp_bad_format" time="0.040" /><testcase classname="backend.tests.test_safewalk_api.TestUsers" name="test_create_user" time="0.053" /><testcase classname="backend.tests.test_safewalk_api.TestUsers" name="test_get_user_persisted" time="0.041" /><testcase classname="backend.tests.test_safewalk_api.TestUsers" name="test_patch_user_language_and_volunteer" time="0.089" /><testcase classname="backend.tests.test_safewalk_api.TestUsers" name="test_get_user_not_found" time="0.048" /><testcase classname="backend.tests.test_safewalk_api.TestSOS" name="test_create_sos" time="0.053" /><testcase classname="backend.tests.test_safewalk_api.TestSOS" name="test_sos_no_user" time="0.045" /><testcase classname="backend.tests.test_safewalk_api.TestSOS" name="test_simulate_response" time="0.081" /><testcase classname="backend.tests.test_safewalk_api.TestSOS" name="test_respond_specific_volunteer" time="0.084" /><testcase classname="backend.tests.test_safewalk_api.TestSOS" name="test_respond_bad_volunteer" time="0.041" /><testcase classname="backend.tests.test_safewalk_api.TestSOS" name="test_cancel_sos" time="0.040" /><testcase classname="backend.tests.test_safewalk_api.TestRatings" name="test_post_rating_and_pin_aggregation" time="0.133" /><testcase classname="backend.tests.test_safewalk_api.TestHelplines" name="test_helplines" time="0.040" /></testsuite></testsuites>